c:\users\sebbedelius\desktop\projekt 3d\projektet\debug\vc141.pdb
c:\users\sebbedelius\desktop\projekt 3d\projektet\debug\vc141.idb
c:\users\sebbedelius\desktop\projekt 3d\projektet\debug\box.obj
c:\users\sebbedelius\desktop\projekt 3d\projektet\debug\boxnode.obj
c:\users\sebbedelius\desktop\projekt 3d\projektet\debug\cameraclass.obj
c:\users\sebbedelius\desktop\projekt 3d\projektet\debug\fullscreenquad.obj
c:\users\sebbedelius\desktop\projekt 3d\projektet\debug\geometrypass.obj
c:\users\sebbedelius\desktop\projekt 3d\projektet\debug\main.obj
c:\users\sebbedelius\desktop\projekt 3d\projektet\debug\scene.obj
c:\users\sebbedelius\desktop\projekt 3d\projektet\debug\objloader.obj
c:\users\sebbedelius\desktop\projekt 3d\projektet\debug\shader.obj
c:\users\sebbedelius\desktop\projekt 3d\projektet\debug\shadowmap.obj
c:\users\sebbedelius\desktop\projekt 3d\projektet\debug\staticcamera.obj
c:\users\sebbedelius\desktop\projekt 3d\projektet\debug\tableobject.obj
c:\users\sebbedelius\desktop\projekt 3d\projektet\debug\terrain.obj
c:\users\sebbedelius\desktop\projekt 3d\projektet\debug\testpass.obj
c:\users\sebbedelius\desktop\projekt 3d\projektet\debug\textureloader.obj
c:\users\sebbedelius\desktop\projekt 3d\projektet\debug\waves.obj
c:\users\sebbedelius\desktop\projekt 3d\projektet\debug\sun.obj
c:\users\sebbedelius\desktop\projekt 3d\projektet\debug\lightpass.obj
c:\users\sebbedelius\desktop\projekt 3d\projektet\debug\colorgeometryshader.cso
c:\users\sebbedelius\desktop\projekt 3d\projektet\debug\colorpixelshader.cso
c:\users\sebbedelius\desktop\projekt 3d\projektet\debug\colorvertexshader.cso
c:\users\sebbedelius\desktop\projekt 3d\projektet\debug\deferredpixel.cso
c:\users\sebbedelius\desktop\projekt 3d\projektet\debug\geometryshader.cso
c:\users\sebbedelius\desktop\projekt 3d\projektet\debug\positionpixelshader.cso
c:\users\sebbedelius\desktop\projekt 3d\projektet\debug\positionvertexshader.cso
c:\users\sebbedelius\desktop\projekt 3d\projektet\debug\pslight.cso
c:\users\sebbedelius\desktop\projekt 3d\projektet\debug\shadowvertex.cso
c:\users\sebbedelius\desktop\projekt 3d\projektet\debug\shadowvertexrgb.cso
c:\users\sebbedelius\desktop\projekt 3d\projektet\debug\forwardpixel.cso
c:\users\sebbedelius\desktop\projekt 3d\projektet\debug\vertex.cso
c:\users\sebbedelius\desktop\projekt 3d\projektet\debug\vslight.cso
c:\users\sebbedelius\desktop\projekt 3d\projektet\debug\wavesvertex.cso
c:\users\sebbedelius\desktop\projekt 3d\projektet\debug\demo.ilk
c:\users\sebbedelius\desktop\projekt 3d\projektet\debug\demo.exe
c:\users\sebbedelius\desktop\projekt 3d\projektet\debug\demo.pdb
c:\users\sebbedelius\desktop\projekt 3d\projektet\debug\demo.tlog\cl.command.1.tlog
c:\users\sebbedelius\desktop\projekt 3d\projektet\debug\demo.tlog\cl.read.1.tlog
c:\users\sebbedelius\desktop\projekt 3d\projektet\debug\demo.tlog\cl.write.1.tlog
c:\users\sebbedelius\desktop\projekt 3d\projektet\debug\demo.tlog\demo.write.1u.tlog
c:\users\sebbedelius\desktop\projekt 3d\projektet\debug\demo.tlog\fxc.command.1.tlog
c:\users\sebbedelius\desktop\projekt 3d\projektet\debug\demo.tlog\fxc.read.1.tlog
c:\users\sebbedelius\desktop\projekt 3d\projektet\debug\demo.tlog\fxc.write.1.tlog
c:\users\sebbedelius\desktop\projekt 3d\projektet\debug\demo.tlog\link.command.1.tlog
c:\users\sebbedelius\desktop\projekt 3d\projektet\debug\demo.tlog\link.read.1.tlog
c:\users\sebbedelius\desktop\projekt 3d\projektet\debug\demo.tlog\link.write.1.tlog
